2016-02-11 22:13:00,722 [localhost-startStop-1] ERROR StackTrace  - Full Stack Trace:
org.springframework.beans.factory.BeanCreationException: Error creating bean with name 'com.talkio.EventController': Instantiation of bean failed; nested exception is org.springframework.beans.BeanInstantiationException: Could not instantiate bean class [com.talkio.EventController]: Constructor threw exception; nested exception is java.lang.NullPointerException
	at org.springframework.beans.factory.support.AbstractAutowireCapableBeanFactory.instantiateBean(AbstractAutowireCapableBeanFactory.java:1077)
	at org.springframework.beans.factory.support.AbstractAutowireCapableBeanFactory.createBeanInstance(AbstractAutowireCapableBeanFactory.java:1022)
	at org.springframework.beans.factory.support.AbstractAutowireCapableBeanFactory.doCreateBean(AbstractAutowireCapableBeanFactory.java:504)
	at org.springframework.beans.factory.support.AbstractAutowireCapableBeanFactory.createBean(AbstractAutowireCapableBeanFactory.java:475)
	at org.springframework.beans.factory.support.AbstractBeanFactory$1.getObject(AbstractBeanFactory.java:302)
	at org.springframework.beans.factory.support.DefaultSingletonBeanRegistry.getSingleton(DefaultSingletonBeanRegistry.java:229)
	at org.springframework.beans.factory.support.AbstractBeanFactory.doGetBean(AbstractBeanFactory.java:298)
	at org.springframework.beans.factory.support.AbstractBeanFactory.getBean(AbstractBeanFactory.java:193)
	at org.springframework.beans.factory.support.DefaultListableBeanFactory.preInstantiateSingletons(DefaultListableBeanFactory.java:706)
	at org.springframework.context.support.AbstractApplicationContext.finishBeanFactoryInitialization(AbstractApplicationContext.java:762)
	at org.springframework.context.support.AbstractApplicationContext.refresh(AbstractApplicationContext.java:482)
	at org.codehaus.groovy.grails.commons.spring.DefaultRuntimeSpringConfiguration.getApplicationContext(DefaultRuntimeSpringConfiguration.java:156)
	at org.codehaus.groovy.grails.commons.spring.GrailsRuntimeConfigurator.initializeContext(GrailsRuntimeConfigurator.java:188)
	at org.codehaus.groovy.grails.commons.spring.GrailsRuntimeConfigurator.configure(GrailsRuntimeConfigurator.java:168)
	at org.codehaus.groovy.grails.commons.spring.GrailsRuntimeConfigurator.configure(GrailsRuntimeConfigurator.java:127)
	at org.codehaus.groovy.grails.web.context.GrailsConfigUtils.configureWebApplicationContext(GrailsConfigUtils.java:126)
	at org.codehaus.groovy.grails.web.context.GrailsContextLoaderListener.initWebApplicationContext(GrailsContextLoaderListener.java:109)
	at org.springframework.web.context.ContextLoaderListener.contextInitialized(ContextLoaderListener.java:106)
	at org.apache.catalina.core.StandardContext.listenerStart(StandardContext.java:4992)
	at org.apache.catalina.core.StandardContext.startInternal(StandardContext.java:5490)
	at org.apache.catalina.util.LifecycleBase.start(LifecycleBase.java:150)
	at org.apache.catalina.core.ContainerBase$StartChild.call(ContainerBase.java:1575)
	at org.apache.catalina.core.ContainerBase$StartChild.call(ContainerBase.java:1565)
	at java.util.concurrent.FutureTask.run(FutureTask.java:262)
	at java.util.concurrent.ThreadPoolExecutor.runWorker(ThreadPoolExecutor.java:1145)
	at java.util.concurrent.ThreadPoolExecutor$Worker.run(ThreadPoolExecutor.java:615)
	at java.lang.Thread.run(Thread.java:745)
Caused by: org.springframework.beans.BeanInstantiationException: Could not instantiate bean class [com.talkio.EventController]: Constructor threw exception; nested exception is java.lang.NullPointerException
	at org.springframework.beans.BeanUtils.instantiateClass(BeanUtils.java:164)
	at org.codehaus.groovy.grails.commons.spring.OptimizedAutowireCapableBeanFactory$1.instantiate(OptimizedAutowireCapableBeanFactory.java:89)
	at org.springframework.beans.factory.support.AbstractAutowireCapableBeanFactory.instantiateBean(AbstractAutowireCapableBeanFactory.java:1070)
	... 26 more
Caused by: java.lang.NullPointerException
	at com.talkio.EventController.propertyMissing(EventController.groovy)
	at sun.reflect.NativeMethodAccessorImpl.invoke0(Native Method)
	at sun.reflect.NativeMethodAccessorImpl.invoke(NativeMethodAccessorImpl.java:57)
	at sun.reflect.DelegatingMethodAccessorImpl.invoke(DelegatingMethodAccessorImpl.java:43)
	at java.lang.reflect.Method.invoke(Method.java:606)
	at org.springsource.loaded.ri.ReflectiveInterceptor.jlrMethodInvoke(ReflectiveInterceptor.java:1270)
	at org.codehaus.groovy.reflection.CachedMethod.invoke(CachedMethod.java:90)
	at groovy.lang.MetaClassImpl.invokeMissingProperty(MetaClassImpl.java:873)
	at groovy.lang.MetaClassImpl.getProperty(MetaClassImpl.java:1852)
	at groovy.lang.ExpandoMetaClass.getProperty(ExpandoMetaClass.java:1150)
	at groovy.lang.MetaClassImpl.getProperty(MetaClassImpl.java:3689)
	at groovy.lang.ExpandoMetaClass.getProperty(ExpandoMetaClass.java:1162)
	at org.codehaus.groovy.runtime.callsite.PogoMetaClassGetPropertySite.getProperty(PogoMetaClassGetPropertySite.java:48)
	at org.codehaus.groovy.runtime.callsite.AbstractCallSite.callGroovyObjectGetProperty(AbstractCallSite.java:231)
	at com.talkio.EventController.<init>(EventController.groovy)
	at sun.reflect.NativeConstructorAccessorImpl.newInstance0(Native Method)
	at sun.reflect.NativeConstructorAccessorImpl.newInstance(NativeConstructorAccessorImpl.java:57)
	at sun.reflect.DelegatingConstructorAccessorImpl.newInstance(DelegatingConstructorAccessorImpl.java:45)
	at java.lang.reflect.Constructor.newInstance(Constructor.java:526)
	at org.springsource.loaded.ri.ReflectiveInterceptor.jlrConstructorNewInstance(ReflectiveInterceptor.java:1002)
	at org.springframework.beans.BeanUtils.instantiateClass(BeanUtils.java:148)
	... 28 more
2016-02-11 22:13:00,722 [localhost-startStop-1] ERROR StackTrace  - Full Stack Trace:
org.springframework.beans.BeanInstantiationException: Could not instantiate bean class [com.talkio.EventController]: Constructor threw exception; nested exception is java.lang.NullPointerException
	at org.springframework.beans.BeanUtils.instantiateClass(BeanUtils.java:164)
	at org.codehaus.groovy.grails.commons.spring.OptimizedAutowireCapableBeanFactory$1.instantiate(OptimizedAutowireCapableBeanFactory.java:89)
	at org.springframework.beans.factory.support.AbstractAutowireCapableBeanFactory.instantiateBean(AbstractAutowireCapableBeanFactory.java:1070)
	at org.springframework.beans.factory.support.AbstractAutowireCapableBeanFactory.createBeanInstance(AbstractAutowireCapableBeanFactory.java:1022)
	at org.springframework.beans.factory.support.AbstractAutowireCapableBeanFactory.doCreateBean(AbstractAutowireCapableBeanFactory.java:504)
	at org.springframework.beans.factory.support.AbstractAutowireCapableBeanFactory.createBean(AbstractAutowireCapableBeanFactory.java:475)
	at org.springframework.beans.factory.support.AbstractBeanFactory$1.getObject(AbstractBeanFactory.java:302)
	at org.springframework.beans.factory.support.DefaultSingletonBeanRegistry.getSingleton(DefaultSingletonBeanRegistry.java:229)
	at org.springframework.beans.factory.support.AbstractBeanFactory.doGetBean(AbstractBeanFactory.java:298)
	at org.springframework.beans.factory.support.AbstractBeanFactory.getBean(AbstractBeanFactory.java:193)
	at org.springframework.beans.factory.support.DefaultListableBeanFactory.preInstantiateSingletons(DefaultListableBeanFactory.java:706)
	at org.springframework.context.support.AbstractApplicationContext.finishBeanFactoryInitialization(AbstractApplicationContext.java:762)
	at org.springframework.context.support.AbstractApplicationContext.refresh(AbstractApplicationContext.java:482)
	at org.codehaus.groovy.grails.commons.spring.DefaultRuntimeSpringConfiguration.getApplicationContext(DefaultRuntimeSpringConfiguration.java:156)
	at org.codehaus.groovy.grails.commons.spring.GrailsRuntimeConfigurator.initializeContext(GrailsRuntimeConfigurator.java:188)
	at org.codehaus.groovy.grails.commons.spring.GrailsRuntimeConfigurator.configure(GrailsRuntimeConfigurator.java:168)
	at org.codehaus.groovy.grails.commons.spring.GrailsRuntimeConfigurator.configure(GrailsRuntimeConfigurator.java:127)
	at org.codehaus.groovy.grails.web.context.GrailsConfigUtils.configureWebApplicationContext(GrailsConfigUtils.java:126)
	at org.codehaus.groovy.grails.web.context.GrailsContextLoaderListener.initWebApplicationContext(GrailsContextLoaderListener.java:109)
	at org.springframework.web.context.ContextLoaderListener.contextInitialized(ContextLoaderListener.java:106)
	at org.apache.catalina.core.StandardContext.listenerStart(StandardContext.java:4992)
	at org.apache.catalina.core.StandardContext.startInternal(StandardContext.java:5490)
	at org.apache.catalina.util.LifecycleBase.start(LifecycleBase.java:150)
	at org.apache.catalina.core.ContainerBase$StartChild.call(ContainerBase.java:1575)
	at org.apache.catalina.core.ContainerBase$StartChild.call(ContainerBase.java:1565)
	at java.util.concurrent.FutureTask.run(FutureTask.java:262)
	at java.util.concurrent.ThreadPoolExecutor.runWorker(ThreadPoolExecutor.java:1145)
	at java.util.concurrent.ThreadPoolExecutor$Worker.run(ThreadPoolExecutor.java:615)
	at java.lang.Thread.run(Thread.java:745)
Caused by: java.lang.NullPointerException
	at com.talkio.EventController.propertyMissing(EventController.groovy)
	at sun.reflect.NativeMethodAccessorImpl.invoke0(Native Method)
	at sun.reflect.NativeMethodAccessorImpl.invoke(NativeMethodAccessorImpl.java:57)
	at sun.reflect.DelegatingMethodAccessorImpl.invoke(DelegatingMethodAccessorImpl.java:43)
	at java.lang.reflect.Method.invoke(Method.java:606)
	at org.springsource.loaded.ri.ReflectiveInterceptor.jlrMethodInvoke(ReflectiveInterceptor.java:1270)
	at org.codehaus.groovy.reflection.CachedMethod.invoke(CachedMethod.java:90)
	at groovy.lang.MetaClassImpl.invokeMissingProperty(MetaClassImpl.java:873)
	at groovy.lang.MetaClassImpl.getProperty(MetaClassImpl.java:1852)
	at groovy.lang.ExpandoMetaClass.getProperty(ExpandoMetaClass.java:1150)
	at groovy.lang.MetaClassImpl.getProperty(MetaClassImpl.java:3689)
	at groovy.lang.ExpandoMetaClass.getProperty(ExpandoMetaClass.java:1162)
	at org.codehaus.groovy.runtime.callsite.PogoMetaClassGetPropertySite.getProperty(PogoMetaClassGetPropertySite.java:48)
	at org.codehaus.groovy.runtime.callsite.AbstractCallSite.callGroovyObjectGetProperty(AbstractCallSite.java:231)
	at com.talkio.EventController.<init>(EventController.groovy)
	at sun.reflect.NativeConstructorAccessorImpl.newInstance0(Native Method)
	at sun.reflect.NativeConstructorAccessorImpl.newInstance(NativeConstructorAccessorImpl.java:57)
	at sun.reflect.DelegatingConstructorAccessorImpl.newInstance(DelegatingConstructorAccessorImpl.java:45)
	at java.lang.reflect.Constructor.newInstance(Constructor.java:526)
	at org.springsource.loaded.ri.ReflectiveInterceptor.jlrConstructorNewInstance(ReflectiveInterceptor.java:1002)
	at org.springframework.beans.BeanUtils.instantiateClass(BeanUtils.java:148)
	... 28 more
2016-02-11 22:13:00,722 [localhost-startStop-1] ERROR StackTrace  - Full Stack Trace:
java.lang.NullPointerException
	at com.talkio.EventController.propertyMissing(EventController.groovy)
	at sun.reflect.NativeMethodAccessorImpl.invoke0(Native Method)
	at sun.reflect.NativeMethodAccessorImpl.invoke(NativeMethodAccessorImpl.java:57)
	at sun.reflect.DelegatingMethodAccessorImpl.invoke(DelegatingMethodAccessorImpl.java:43)
	at java.lang.reflect.Method.invoke(Method.java:606)
	at org.springsource.loaded.ri.ReflectiveInterceptor.jlrMethodInvoke(ReflectiveInterceptor.java:1270)
	at org.codehaus.groovy.reflection.CachedMethod.invoke(CachedMethod.java:90)
	at groovy.lang.MetaClassImpl.invokeMissingProperty(MetaClassImpl.java:873)
	at groovy.lang.MetaClassImpl.getProperty(MetaClassImpl.java:1852)
	at groovy.lang.ExpandoMetaClass.getProperty(ExpandoMetaClass.java:1150)
	at groovy.lang.MetaClassImpl.getProperty(MetaClassImpl.java:3689)
	at groovy.lang.ExpandoMetaClass.getProperty(ExpandoMetaClass.java:1162)
	at org.codehaus.groovy.runtime.callsite.PogoMetaClassGetPropertySite.getProperty(PogoMetaClassGetPropertySite.java:48)
	at org.codehaus.groovy.runtime.callsite.AbstractCallSite.callGroovyObjectGetProperty(AbstractCallSite.java:231)
	at com.talkio.EventController.<init>(EventController.groovy)
	at sun.reflect.NativeConstructorAccessorImpl.newInstance0(Native Method)
	at sun.reflect.NativeConstructorAccessorImpl.newInstance(NativeConstructorAccessorImpl.java:57)
	at sun.reflect.DelegatingConstructorAccessorImpl.newInstance(DelegatingConstructorAccessorImpl.java:45)
	at java.lang.reflect.Constructor.newInstance(Constructor.java:526)
	at org.springsource.loaded.ri.ReflectiveInterceptor.jlrConstructorNewInstance(ReflectiveInterceptor.java:1002)
	at org.springframework.beans.BeanUtils.instantiateClass(BeanUtils.java:148)
	at org.codehaus.groovy.grails.commons.spring.OptimizedAutowireCapableBeanFactory$1.instantiate(OptimizedAutowireCapableBeanFactory.java:89)
	at org.springframework.beans.factory.support.AbstractAutowireCapableBeanFactory.instantiateBean(AbstractAutowireCapableBeanFactory.java:1070)
	at org.springframework.beans.factory.support.AbstractAutowireCapableBeanFactory.createBeanInstance(AbstractAutowireCapableBeanFactory.java:1022)
	at org.springframework.beans.factory.support.AbstractAutowireCapableBeanFactory.doCreateBean(AbstractAutowireCapableBeanFactory.java:504)
	at org.springframework.beans.factory.support.AbstractAutowireCapableBeanFactory.createBean(AbstractAutowireCapableBeanFactory.java:475)
	at org.springframework.beans.factory.support.AbstractBeanFactory$1.getObject(AbstractBeanFactory.java:302)
	at org.springframework.beans.factory.support.DefaultSingletonBeanRegistry.getSingleton(DefaultSingletonBeanRegistry.java:229)
	at org.springframework.beans.factory.support.AbstractBeanFactory.doGetBean(AbstractBeanFactory.java:298)
	at org.springframework.beans.factory.support.AbstractBeanFactory.getBean(AbstractBeanFactory.java:193)
	at org.springframework.beans.factory.support.DefaultListableBeanFactory.preInstantiateSingletons(DefaultListableBeanFactory.java:706)
	at org.springframework.context.support.AbstractApplicationContext.finishBeanFactoryInitialization(AbstractApplicationContext.java:762)
	at org.springframework.context.support.AbstractApplicationContext.refresh(AbstractApplicationContext.java:482)
	at org.codehaus.groovy.grails.commons.spring.DefaultRuntimeSpringConfiguration.getApplicationContext(DefaultRuntimeSpringConfiguration.java:156)
	at org.codehaus.groovy.grails.commons.spring.GrailsRuntimeConfigurator.initializeContext(GrailsRuntimeConfigurator.java:188)
	at org.codehaus.groovy.grails.commons.spring.GrailsRuntimeConfigurator.configure(GrailsRuntimeConfigurator.java:168)
	at org.codehaus.groovy.grails.commons.spring.GrailsRuntimeConfigurator.configure(GrailsRuntimeConfigurator.java:127)
	at org.codehaus.groovy.grails.web.context.GrailsConfigUtils.configureWebApplicationContext(GrailsConfigUtils.java:126)
	at org.codehaus.groovy.grails.web.context.GrailsContextLoaderListener.initWebApplicationContext(GrailsContextLoaderListener.java:109)
	at org.springframework.web.context.ContextLoaderListener.contextInitialized(ContextLoaderListener.java:106)
	at org.apache.catalina.core.StandardContext.listenerStart(StandardContext.java:4992)
	at org.apache.catalina.core.StandardContext.startInternal(StandardContext.java:5490)
	at org.apache.catalina.util.LifecycleBase.start(LifecycleBase.java:150)
	at org.apache.catalina.core.ContainerBase$StartChild.call(ContainerBase.java:1575)
	at org.apache.catalina.core.ContainerBase$StartChild.call(ContainerBase.java:1565)
	at java.util.concurrent.FutureTask.run(FutureTask.java:262)
	at java.util.concurrent.ThreadPoolExecutor.runWorker(ThreadPoolExecutor.java:1145)
	at java.util.concurrent.ThreadPoolExecutor$Worker.run(ThreadPoolExecutor.java:615)
	at java.lang.Thread.run(Thread.java:745)
2016-02-11 22:13:00,722 [localhost-startStop-1] ERROR StackTrace  - Full Stack Trace:
org.springframework.beans.factory.BeanCreationException: Error creating bean with name 'com.talkio.EventController': Instantiation of bean failed; nested exception is org.springframework.beans.BeanInstantiationException: Could not instantiate bean class [com.talkio.EventController]: Constructor threw exception; nested exception is java.lang.NullPointerException
	at java.util.concurrent.FutureTask.run(FutureTask.java:262)
	at java.util.concurrent.ThreadPoolExecutor.runWorker(ThreadPoolExecutor.java:1145)
	at java.util.concurrent.ThreadPoolExecutor$Worker.run(ThreadPoolExecutor.java:615)
	at java.lang.Thread.run(Thread.java:745)
Caused by: org.springframework.beans.BeanInstantiationException: Could not instantiate bean class [com.talkio.EventController]: Constructor threw exception; nested exception is java.lang.NullPointerException
	... 4 more
Caused by: java.lang.NullPointerException
	... 4 more
2016-02-11 22:13:00,738 [localhost-startStop-1] ERROR StackTrace  - Full Stack Trace:
org.springframework.beans.factory.BeanCreationException: Error creating bean with name 'com.talkio.EventController': Instantiation of bean failed; nested exception is org.springframework.beans.BeanInstantiationException: Could not instantiate bean class [com.talkio.EventController]: Constructor threw exception; nested exception is java.lang.NullPointerException
	at java.util.concurrent.FutureTask.run(FutureTask.java:262)
	at java.util.concurrent.ThreadPoolExecutor.runWorker(ThreadPoolExecutor.java:1145)
	at java.util.concurrent.ThreadPoolExecutor$Worker.run(ThreadPoolExecutor.java:615)
	at java.lang.Thread.run(Thread.java:745)
Caused by: org.springframework.beans.BeanInstantiationException: Could not instantiate bean class [com.talkio.EventController]: Constructor threw exception; nested exception is java.lang.NullPointerException
	... 4 more
Caused by: java.lang.NullPointerException
	... 4 more
2016-02-11 22:13:00,738 [localhost-startStop-1] ERROR StackTrace  - Full Stack Trace:
org.springframework.beans.BeanInstantiationException: Could not instantiate bean class [com.talkio.EventController]: Constructor threw exception; nested exception is java.lang.NullPointerException
	at java.util.concurrent.FutureTask.run(FutureTask.java:262)
	at java.util.concurrent.ThreadPoolExecutor.runWorker(ThreadPoolExecutor.java:1145)
	at java.util.concurrent.ThreadPoolExecutor$Worker.run(ThreadPoolExecutor.java:615)
	at java.lang.Thread.run(Thread.java:745)
Caused by: java.lang.NullPointerException
	... 4 more
2016-02-11 22:13:00,738 [localhost-startStop-1] ERROR StackTrace  - Full Stack Trace:
java.lang.NullPointerException
	at java.util.concurrent.FutureTask.run(FutureTask.java:262)
	at java.util.concurrent.ThreadPoolExecutor.runWorker(ThreadPoolExecutor.java:1145)
	at java.util.concurrent.ThreadPoolExecutor$Worker.run(ThreadPoolExecutor.java:615)
	at java.lang.Thread.run(Thread.java:745)
2016-02-11 22:13:00,738 [localhost-startStop-1] ERROR StackTrace  - Full Stack Trace:
org.springframework.beans.factory.BeanCreationException: Error creating bean with name 'com.talkio.EventController': Instantiation of bean failed; nested exception is org.springframework.beans.BeanInstantiationException: Could not instantiate bean class [com.talkio.EventController]: Constructor threw exception; nested exception is java.lang.NullPointerException
	at java.util.concurrent.FutureTask.run(FutureTask.java:262)
	at java.util.concurrent.ThreadPoolExecutor.runWorker(ThreadPoolExecutor.java:1145)
	at java.util.concurrent.ThreadPoolExecutor$Worker.run(ThreadPoolExecutor.java:615)
	at java.lang.Thread.run(Thread.java:745)
Caused by: org.springframework.beans.BeanInstantiationException: Could not instantiate bean class [com.talkio.EventController]: Constructor threw exception; nested exception is java.lang.NullPointerException
	... 4 more
Caused by: java.lang.NullPointerException
	... 4 more
2016-02-11 22:13:00,738 [localhost-startStop-1] ERROR StackTrace  - Full Stack Trace:
org.springframework.beans.factory.BeanCreationException: Error creating bean with name 'com.talkio.EventController': Instantiation of bean failed; nested exception is org.springframework.beans.BeanInstantiationException: Could not instantiate bean class [com.talkio.EventController]: Constructor threw exception; nested exception is java.lang.NullPointerException
	at java.util.concurrent.FutureTask.run(FutureTask.java:262)
	at java.util.concurrent.ThreadPoolExecutor.runWorker(ThreadPoolExecutor.java:1145)
	at java.util.concurrent.ThreadPoolExecutor$Worker.run(ThreadPoolExecutor.java:615)
	at java.lang.Thread.run(Thread.java:745)
Caused by: org.springframework.beans.BeanInstantiationException: Could not instantiate bean class [com.talkio.EventController]: Constructor threw exception; nested exception is java.lang.NullPointerException
	... 4 more
Caused by: java.lang.NullPointerException
	... 4 more
2016-02-11 22:13:00,738 [localhost-startStop-1] ERROR StackTrace  - Full Stack Trace:
org.springframework.beans.BeanInstantiationException: Could not instantiate bean class [com.talkio.EventController]: Constructor threw exception; nested exception is java.lang.NullPointerException
	at java.util.concurrent.FutureTask.run(FutureTask.java:262)
	at java.util.concurrent.ThreadPoolExecutor.runWorker(ThreadPoolExecutor.java:1145)
	at java.util.concurrent.ThreadPoolExecutor$Worker.run(ThreadPoolExecutor.java:615)
	at java.lang.Thread.run(Thread.java:745)
Caused by: java.lang.NullPointerException
	... 4 more
2016-02-11 22:13:00,738 [localhost-startStop-1] ERROR StackTrace  - Full Stack Trace:
java.lang.NullPointerException
	at java.util.concurrent.FutureTask.run(FutureTask.java:262)
	at java.util.concurrent.ThreadPoolExecutor.runWorker(ThreadPoolExecutor.java:1145)
	at java.util.concurrent.ThreadPoolExecutor$Worker.run(ThreadPoolExecutor.java:615)
	at java.lang.Thread.run(Thread.java:745)
2016-02-11 22:13:00,738 [localhost-startStop-1] ERROR StackTrace  - Full Stack Trace:
org.springframework.beans.factory.BeanCreationException: Error creating bean with name 'com.talkio.EventController': Instantiation of bean failed; nested exception is org.springframework.beans.BeanInstantiationException: Could not instantiate bean class [com.talkio.EventController]: Constructor threw exception; nested exception is java.lang.NullPointerException
	at java.util.concurrent.FutureTask.run(FutureTask.java:262)
	at java.util.concurrent.ThreadPoolExecutor.runWorker(ThreadPoolExecutor.java:1145)
	at java.util.concurrent.ThreadPoolExecutor$Worker.run(ThreadPoolExecutor.java:615)
	at java.lang.Thread.run(Thread.java:745)
Caused by: org.springframework.beans.BeanInstantiationException: Could not instantiate bean class [com.talkio.EventController]: Constructor threw exception; nested exception is java.lang.NullPointerException
	... 4 more
Caused by: java.lang.NullPointerException
	... 4 more
2016-02-11 22:16:31,115 [FileSystemWatcher: files=#2 cl=groovy.lang.GroovyClassLoader@11eb8832] ERROR StackTrace  - Full Stack Trace:
groovy.lang.GroovyRuntimeException: Ambiguous method overloading for method grails.spring.BeanBuilder#registerBeans.
Cannot resolve which method to invoke for [null] due to overlapping prototypes between:
	[interface org.codehaus.groovy.grails.commons.spring.RuntimeSpringConfiguration]
	[interface org.springframework.beans.factory.support.BeanDefinitionRegistry]
	at groovy.lang.MetaClassImpl.chooseMostSpecificParams(MetaClassImpl.java:3201)
	at groovy.lang.MetaClassImpl.chooseMethodInternal(MetaClassImpl.java:3153)
	at groovy.lang.MetaClassImpl.chooseMethod(MetaClassImpl.java:3096)
	at groovy.lang.MetaClassImpl.getMethodWithCachingInternal(MetaClassImpl.java:1324)
	at groovy.lang.MetaClassImpl.createPogoCallSite(MetaClassImpl.java:3357)
	at groovy.lang.ExpandoMetaClass.createPogoCallSite(ExpandoMetaClass.java:1309)
	at org.codehaus.groovy.runtime.callsite.CallSiteArray.createPogoSite(CallSiteArray.java:147)
	at org.codehaus.groovy.runtime.callsite.CallSiteArray.createCallSite(CallSiteArray.java:161)
	at org.codehaus.groovy.runtime.callsite.CallSiteArray.defaultCall(CallSiteArray.java:45)
	at org.codehaus.groovy.runtime.callsite.AbstractCallSite.call(AbstractCallSite.java:108)
	at org.codehaus.groovy.runtime.callsite.AbstractCallSite.call(AbstractCallSite.java:116)
	at org.codehaus.groovy.grails.plugins.DomainClassGrailsPlugin$_closure3.doCall(DomainClassGrailsPlugin.groovy:154)
	at sun.reflect.NativeMethodAccessorImpl.invoke0(Native Method)
	at sun.reflect.NativeMethodAccessorImpl.invoke(NativeMethodAccessorImpl.java:57)
	at sun.reflect.DelegatingMethodAccessorImpl.invoke(DelegatingMethodAccessorImpl.java:43)
	at java.lang.reflect.Method.invoke(Method.java:606)
	at org.springsource.loaded.ri.ReflectiveInterceptor.jlrMethodInvoke(ReflectiveInterceptor.java:1276)
	at org.codehaus.groovy.reflection.CachedMethod.invoke(CachedMethod.java:90)
	at groovy.lang.MetaMethod.doMethodInvoke(MetaMethod.java:324)
	at groovy.lang.MetaClassImpl.invokeMethod(MetaClassImpl.java:1206)
	at groovy.lang.ExpandoMetaClass.invokeMethod(ExpandoMetaClass.java:1120)
	at groovy.lang.MetaClassImpl.invokeMethod(MetaClassImpl.java:1015)
	at groovy.lang.Closure.call(Closure.java:423)
	at org.codehaus.groovy.grails.plugins.DefaultGrailsPlugin.invokeOnChangeListener(DefaultGrailsPlugin.java:767)
	at org.codehaus.groovy.grails.plugins.DefaultGrailsPlugin.notifyOfEvent(DefaultGrailsPlugin.java:716)
	at org.codehaus.groovy.grails.plugins.DefaultGrailsPlugin.notifyOfEvent(DefaultGrailsPlugin.java:731)
	at org.codehaus.groovy.grails.plugins.AbstractGrailsPluginManager.informOfClassChange(AbstractGrailsPluginManager.java:408)
	at org.codehaus.groovy.grails.project.compiler.GrailsProjectWatcher$2.run(GrailsProjectWatcher.java:246)
	at org.codehaus.groovy.grails.project.compiler.GrailsProjectWatcher.firePendingClassChangeEvents(GrailsProjectWatcher.java:107)
	at org.codehaus.groovy.grails.cli.agent.GrailsPluginManagerReloadPlugin.reloadEvent(GrailsPluginManagerReloadPlugin.java:42)
	at org.springsource.loaded.TypeRegistry.fireReloadEvent(TypeRegistry.java:1794)
	at org.springsource.loaded.ReloadableType.loadNewVersion(ReloadableType.java:417)
	at org.springsource.loaded.TypeRegistry.loadNewVersion(TypeRegistry.java:845)
	at org.springsource.loaded.agent.ReloadableFileChangeListener.fileChanged(ReloadableFileChangeListener.java:51)
	at org.springsource.loaded.agent.Watcher.determineChangesSince(FileSystemWatcher.java:235)
	at org.springsource.loaded.agent.Watcher.run(FileSystemWatcher.java:219)
	at java.lang.Thread.run(Thread.java:745)
2016-02-11 22:16:31,115 [FileSystemWatcher: files=#2 cl=groovy.lang.GroovyClassLoader@11eb8832] ERROR StackTrace  - Full Stack Trace:
groovy.lang.GroovyRuntimeException: Ambiguous method overloading for method grails.spring.BeanBuilder#registerBeans.
Cannot resolve which method to invoke for [null] due to overlapping prototypes between:
	[interface org.codehaus.groovy.grails.commons.spring.RuntimeSpringConfiguration]
	[interface org.springframework.beans.factory.support.BeanDefinitionRegistry]
	at java.lang.Thread.run(Thread.java:745)
2016-02-11 22:16:31,130 [FileSystemWatcher: files=#2 cl=groovy.lang.GroovyClassLoader@11eb8832] ERROR StackTrace  - Full Stack Trace:
groovy.lang.GroovyRuntimeException: Ambiguous method overloading for method grails.spring.BeanBuilder#registerBeans.
Cannot resolve which method to invoke for [null] due to overlapping prototypes between:
	[interface org.codehaus.groovy.grails.commons.spring.RuntimeSpringConfiguration]
	[interface org.springframework.beans.factory.support.BeanDefinitionRegistry]
	at java.lang.Thread.run(Thread.java:745)
2016-02-11 22:16:31,130 [FileSystemWatcher: files=#2 cl=groovy.lang.GroovyClassLoader@11eb8832] ERROR StackTrace  - Full Stack Trace:
groovy.lang.GroovyRuntimeException: Ambiguous method overloading for method grails.spring.BeanBuilder#registerBeans.
Cannot resolve which method to invoke for [null] due to overlapping prototypes between:
	[interface org.codehaus.groovy.grails.commons.spring.RuntimeSpringConfiguration]
	[interface org.springframework.beans.factory.support.BeanDefinitionRegistry]
	at java.lang.Thread.run(Thread.java:745)
2016-02-11 22:26:50,564 [http-bio-8080-exec-8] ERROR StackTrace  - Full Stack Trace:
org.codehaus.groovy.control.MultipleCompilationErrorsException: startup failed:
C:\TB\FirstGrailsApp\talkio\grails-app\conf\BootStrap.groovy: 23: expecting anything but ''\n''; got it anyway @ line 23, column 244.
    in our programming challenge.
                                 ^

1 error

	at org.codehaus.groovy.control.ErrorCollector.failIfErrors(ErrorCollector.java:309)
	at org.codehaus.groovy.control.ErrorCollector.addFatalError(ErrorCollector.java:149)
	at org.codehaus.groovy.control.ErrorCollector.addError(ErrorCollector.java:119)
	at org.codehaus.groovy.control.ErrorCollector.addError(ErrorCollector.java:131)
	at org.codehaus.groovy.control.SourceUnit.addError(SourceUnit.java:359)
	at org.codehaus.groovy.antlr.AntlrParserPlugin.transformCSTIntoAST(AntlrParserPlugin.java:137)
	at org.codehaus.groovy.antlr.AntlrParserPlugin.parseCST(AntlrParserPlugin.java:108)
	at org.codehaus.groovy.control.SourceUnit.parse(SourceUnit.java:236)
	at org.codehaus.groovy.control.CompilationUnit$1.call(CompilationUnit.java:164)
	at org.codehaus.groovy.control.CompilationUnit.applyToSourceUnits(CompilationUnit.java:923)
	at org.codehaus.groovy.control.CompilationUnit.doPhaseOperation(CompilationUnit.java:585)
	at org.codehaus.groovy.control.CompilationUnit.processPhaseOperations(CompilationUnit.java:561)
	at org.codehaus.groovy.control.CompilationUnit.compile(CompilationUnit.java:538)
	at org.codehaus.groovy.control.CompilationUnit.compile(CompilationUnit.java:517)
	at org.codehaus.groovy.tools.FileSystemCompiler.compile(FileSystemCompiler.java:59)
	at org.codehaus.groovy.tools.FileSystemCompiler.doCompilation(FileSystemCompiler.java:215)
	at org.codehaus.groovy.ant.Groovyc.runCompiler(Groovyc.java:1161)
	at org.codehaus.groovy.ant.Groovyc.compile(Groovyc.java:1212)
	at org.codehaus.groovy.grails.compiler.Grailsc.compile(Grailsc.java:78)
	at org.codehaus.groovy.ant.Groovyc.execute(Groovyc.java:827)
	at org.apache.tools.ant.UnknownElement.execute(UnknownElement.java:291)
	at sun.reflect.GeneratedMethodAccessor243.invoke(Unknown Source)
	at sun.reflect.DelegatingMethodAccessorImpl.invoke(DelegatingMethodAccessorImpl.java:43)
	at java.lang.reflect.Method.invoke(Method.java:606)
	at org.springsource.loaded.ri.ReflectiveInterceptor.jlrMethodInvoke(ReflectiveInterceptor.java:1276)
	at org.apache.tools.ant.dispatch.DispatchUtils.execute(DispatchUtils.java:106)
	at groovy.util.AntBuilder.performTask(AntBuilder.java:319)
	at groovy.util.AntBuilder.nodeCompleted(AntBuilder.java:264)
	at groovy.util.BuilderSupport.doInvokeMethod(BuilderSupport.java:147)
	at groovy.util.AntBuilder.doInvokeMethod(AntBuilder.java:203)
	at groovy.util.BuilderSupport.invokeMethod(BuilderSupport.java:64)
	at org.codehaus.groovy.runtime.callsite.PogoMetaClassSite.call(PogoMetaClassSite.java:45)
	at org.codehaus.groovy.runtime.callsite.AbstractCallSite.call(AbstractCallSite.java:120)
	at org.codehaus.groovy.grails.project.compiler.GrailsProjectCompiler.compile(GrailsProjectCompiler.groovy:298)
	at org.codehaus.groovy.grails.project.compiler.GrailsProjectCompiler$compile$3.callCurrent(Unknown Source)
	at org.codehaus.groovy.grails.project.compiler.GrailsProjectCompiler.compile(GrailsProjectCompiler.groovy:265)
	at org.codehaus.groovy.grails.project.compiler.GrailsProjectCompiler.compileAll(GrailsProjectCompiler.groovy:256)
	at org.codehaus.groovy.grails.project.compiler.GrailsProjectWatcher.compileIfSource(GrailsProjectWatcher.java:262)
	at org.codehaus.groovy.grails.project.compiler.GrailsProjectWatcher.access$300(GrailsProjectWatcher.java:48)
	at org.codehaus.groovy.grails.project.compiler.GrailsProjectWatcher$1.onChange(GrailsProjectWatcher.java:136)
	at org.codehaus.groovy.grails.compiler.AbstractDirectoryWatcher.fireOnChange(AbstractDirectoryWatcher.java:70)
	at org.codehaus.groovy.grails.compiler.WatchServiceDirectoryWatcher.run(WatchServiceDirectoryWatcher.java:106)
	at org.codehaus.groovy.grails.compiler.DirectoryWatcher.run(DirectoryWatcher.java:154)
	at org.codehaus.groovy.grails.project.compiler.GrailsProjectWatcher.run(GrailsProjectWatcher.java:161)
	at java_lang_Runnable$run.call(Unknown Source)
	at org.codehaus.groovy.runtime.callsite.CallSiteArray.defaultCall(CallSiteArray.java:45)
	at org.codehaus.groovy.runtime.callsite.AbstractCallSite.call(AbstractCallSite.java:108)
	at org.codehaus.groovy.runtime.callsite.AbstractCallSite.call(AbstractCallSite.java:112)
	at org.codehaus.groovy.grails.cli.fork.ForkedGrailsProcess.startProjectWatcher(ForkedGrailsProcess.groovy:748)
	at sun.reflect.NativeMethodAccessorImpl.invoke0(Native Method)
	at sun.reflect.NativeMethodAccessorImpl.invoke(NativeMethodAccessorImpl.java:57)
	at sun.reflect.DelegatingMethodAccessorImpl.invoke(DelegatingMethodAccessorImpl.java:43)
	at java.lang.reflect.Method.invoke(Method.java:606)
	at org.springsource.loaded.ri.ReflectiveInterceptor.jlrMethodInvoke(ReflectiveInterceptor.java:1270)
	at org.codehaus.groovy.reflection.CachedMethod.invoke(CachedMethod.java:90)
	at groovy.lang.MetaMethod.doMethodInvoke(MetaMethod.java:324)
	at groovy.lang.MetaClassImpl.invokeMethod(MetaClassImpl.java:1206)
	at groovy.lang.MetaClassImpl.invokeMethod(MetaClassImpl.java:1015)
	at groovy.lang.MetaClassImpl.invokeMethod(MetaClassImpl.java:1151)
	at groovy.lang.ExpandoMetaClass.invokeMethod(ExpandoMetaClass.java:1120)
	at groovy.lang.MetaClassImpl.invokeMethod(MetaClassImpl.java:1015)
	at org.codehaus.groovy.runtime.callsite.PogoMetaClassSite.callCurrent(PogoMetaClassSite.java:66)
	at org.codehaus.groovy.runtime.callsite.CallSiteArray.defaultCallCurrent(CallSiteArray.java:49)
	at org.codehaus.groovy.runtime.callsite.AbstractCallSite.callCurrent(AbstractCallSite.java:133)
	at org.codehaus.groovy.runtime.callsite.AbstractCallSite.callCurrent(AbstractCallSite.java:145)
	at org.codehaus.groovy.grails.cli.fork.ForkedGrailsProcess$_setupReloading_closure17.doCall(ForkedGrailsProcess.groovy:737)
	at org.codehaus.groovy.grails.cli.fork.ForkedGrailsProcess$_setupReloading_closure17.doCall(ForkedGrailsProcess.groovy)
	at sun.reflect.NativeMethodAccessorImpl.invoke0(Native Method)
	at sun.reflect.NativeMethodAccessorImpl.invoke(NativeMethodAccessorImpl.java:57)
	at sun.reflect.DelegatingMethodAccessorImpl.invoke(DelegatingMethodAccessorImpl.java:43)
	at java.lang.reflect.Method.invoke(Method.java:606)
	at org.springsource.loaded.ri.ReflectiveInterceptor.jlrMethodInvoke(ReflectiveInterceptor.java:1270)
	at org.codehaus.groovy.reflection.CachedMethod.invoke(CachedMethod.java:90)
	at groovy.lang.MetaMethod.doMethodInvoke(MetaMethod.java:324)
	at groovy.lang.MetaClassImpl.invokeMethod(MetaClassImpl.java:1206)
	at groovy.lang.ExpandoMetaClass.invokeMethod(ExpandoMetaClass.java:1120)
	at groovy.lang.MetaClassImpl.invokeMethod(MetaClassImpl.java:1015)
	at groovy.lang.Closure.call(Closure.java:423)
	at groovy.lang.Closure.call(Closure.java:417)
	at groovy.lang.Closure.run(Closure.java:504)
	at java.lang.Thread.run(Thread.java:745)
2016-02-11 22:26:50,566 [http-bio-8080-exec-8] ERROR StackTrace  - Full Stack Trace:
org.codehaus.groovy.control.MultipleCompilationErrorsException: startup failed:
C:\TB\FirstGrailsApp\talkio\grails-app\conf\BootStrap.groovy: 23: expecting anything but ''\n''; got it anyway @ line 23, column 244.
    in our programming challenge.
                                 ^

1 error

	at org.codehaus.groovy.control.ErrorCollector.failIfErrors(ErrorCollector.java:309)
	at org.codehaus.groovy.control.ErrorCollector.addFatalError(ErrorCollector.java:149)
	at org.codehaus.groovy.control.ErrorCollector.addError(ErrorCollector.java:119)
	at org.codehaus.groovy.control.ErrorCollector.addError(ErrorCollector.java:131)
	at org.codehaus.groovy.control.SourceUnit.addError(SourceUnit.java:359)
	at org.codehaus.groovy.antlr.AntlrParserPlugin.transformCSTIntoAST(AntlrParserPlugin.java:137)
	at org.codehaus.groovy.antlr.AntlrParserPlugin.parseCST(AntlrParserPlugin.java:108)
	at org.codehaus.groovy.control.SourceUnit.parse(SourceUnit.java:236)
	at org.codehaus.groovy.control.CompilationUnit$1.call(CompilationUnit.java:164)
	at org.codehaus.groovy.control.CompilationUnit.applyToSourceUnits(CompilationUnit.java:923)
	at org.codehaus.groovy.control.CompilationUnit.doPhaseOperation(CompilationUnit.java:585)
	at org.codehaus.groovy.control.CompilationUnit.processPhaseOperations(CompilationUnit.java:561)
	at org.codehaus.groovy.control.CompilationUnit.compile(CompilationUnit.java:538)
	at org.codehaus.groovy.control.CompilationUnit.compile(CompilationUnit.java:517)
	at org.codehaus.groovy.tools.FileSystemCompiler.compile(FileSystemCompiler.java:59)
	at org.codehaus.groovy.tools.FileSystemCompiler.doCompilation(FileSystemCompiler.java:215)
	at org.codehaus.groovy.ant.Groovyc.runCompiler(Groovyc.java:1161)
	at org.codehaus.groovy.ant.Groovyc.compile(Groovyc.java:1212)
	at org.codehaus.groovy.ant.Groovyc.execute(Groovyc.java:827)
	at org.apache.tools.ant.UnknownElement.execute(UnknownElement.java:291)
	at org.apache.tools.ant.dispatch.DispatchUtils.execute(DispatchUtils.java:106)
	at java.lang.Thread.run(Thread.java:745)
2016-02-11 22:26:50,635 [http-bio-8080-exec-8] ERROR StackTrace  - Full Stack Trace:
org.codehaus.groovy.control.MultipleCompilationErrorsException: startup failed:
C:\TB\FirstGrailsApp\talkio\grails-app\conf\BootStrap.groovy: 23: expecting anything but ''\n''; got it anyway @ line 23, column 244.
    in our programming challenge.
                                 ^

1 error

	at org.codehaus.groovy.control.ErrorCollector.failIfErrors(ErrorCollector.java:309)
	at org.codehaus.groovy.control.ErrorCollector.addFatalError(ErrorCollector.java:149)
	at org.codehaus.groovy.control.ErrorCollector.addError(ErrorCollector.java:119)
	at org.codehaus.groovy.control.ErrorCollector.addError(ErrorCollector.java:131)
	at org.codehaus.groovy.control.SourceUnit.addError(SourceUnit.java:359)
	at org.codehaus.groovy.antlr.AntlrParserPlugin.transformCSTIntoAST(AntlrParserPlugin.java:137)
	at org.codehaus.groovy.antlr.AntlrParserPlugin.parseCST(AntlrParserPlugin.java:108)
	at org.codehaus.groovy.control.SourceUnit.parse(SourceUnit.java:236)
	at org.codehaus.groovy.control.CompilationUnit$1.call(CompilationUnit.java:164)
	at org.codehaus.groovy.control.CompilationUnit.applyToSourceUnits(CompilationUnit.java:923)
	at org.codehaus.groovy.control.CompilationUnit.doPhaseOperation(CompilationUnit.java:585)
	at org.codehaus.groovy.control.CompilationUnit.processPhaseOperations(CompilationUnit.java:561)
	at org.codehaus.groovy.control.CompilationUnit.compile(CompilationUnit.java:538)
	at org.codehaus.groovy.control.CompilationUnit.compile(CompilationUnit.java:517)
	at org.codehaus.groovy.tools.FileSystemCompiler.compile(FileSystemCompiler.java:59)
	at org.codehaus.groovy.tools.FileSystemCompiler.doCompilation(FileSystemCompiler.java:215)
	at org.codehaus.groovy.ant.Groovyc.runCompiler(Groovyc.java:1161)
	at org.codehaus.groovy.ant.Groovyc.compile(Groovyc.java:1212)
	at org.codehaus.groovy.ant.Groovyc.execute(Groovyc.java:827)
	at org.apache.tools.ant.UnknownElement.execute(UnknownElement.java:291)
	at org.apache.tools.ant.dispatch.DispatchUtils.execute(DispatchUtils.java:106)
	at java.lang.Thread.run(Thread.java:745)
2016-02-11 22:26:50,636 [http-bio-8080-exec-8] ERROR StackTrace  - Full Stack Trace:
org.codehaus.groovy.control.MultipleCompilationErrorsException: startup failed:
C:\TB\FirstGrailsApp\talkio\grails-app\conf\BootStrap.groovy: 23: expecting anything but ''\n''; got it anyway @ line 23, column 244.
    in our programming challenge.
                                 ^

1 error

	at org.codehaus.groovy.control.ErrorCollector.failIfErrors(ErrorCollector.java:309)
	at org.codehaus.groovy.control.ErrorCollector.addFatalError(ErrorCollector.java:149)
	at org.codehaus.groovy.control.ErrorCollector.addError(ErrorCollector.java:119)
	at org.codehaus.groovy.control.ErrorCollector.addError(ErrorCollector.java:131)
	at org.codehaus.groovy.control.SourceUnit.addError(SourceUnit.java:359)
	at org.codehaus.groovy.antlr.AntlrParserPlugin.transformCSTIntoAST(AntlrParserPlugin.java:137)
	at org.codehaus.groovy.antlr.AntlrParserPlugin.parseCST(AntlrParserPlugin.java:108)
	at org.codehaus.groovy.control.SourceUnit.parse(SourceUnit.java:236)
	at org.codehaus.groovy.control.CompilationUnit$1.call(CompilationUnit.java:164)
	at org.codehaus.groovy.control.CompilationUnit.applyToSourceUnits(CompilationUnit.java:923)
	at org.codehaus.groovy.control.CompilationUnit.doPhaseOperation(CompilationUnit.java:585)
	at org.codehaus.groovy.control.CompilationUnit.processPhaseOperations(CompilationUnit.java:561)
	at org.codehaus.groovy.control.CompilationUnit.compile(CompilationUnit.java:538)
	at org.codehaus.groovy.control.CompilationUnit.compile(CompilationUnit.java:517)
	at org.codehaus.groovy.tools.FileSystemCompiler.compile(FileSystemCompiler.java:59)
	at org.codehaus.groovy.tools.FileSystemCompiler.doCompilation(FileSystemCompiler.java:215)
	at org.codehaus.groovy.ant.Groovyc.runCompiler(Groovyc.java:1161)
	at org.codehaus.groovy.ant.Groovyc.compile(Groovyc.java:1212)
	at org.codehaus.groovy.ant.Groovyc.execute(Groovyc.java:827)
	at org.apache.tools.ant.UnknownElement.execute(UnknownElement.java:291)
	at org.apache.tools.ant.dispatch.DispatchUtils.execute(DispatchUtils.java:106)
	at java.lang.Thread.run(Thread.java:745)
2016-02-11 22:27:44,945 [http-bio-8080-exec-1] ERROR StackTrace  - Full Stack Trace:
org.codehaus.groovy.control.MultipleCompilationErrorsException: startup failed:
C:\TB\FirstGrailsApp\talkio\grails-app\conf\BootStrap.groovy: 23: expecting anything but ''\n''; got it anyway @ line 23, column 244.
    in our programming challenge.
                                 ^

1 error

	at org.codehaus.groovy.control.ErrorCollector.failIfErrors(ErrorCollector.java:309)
	at org.codehaus.groovy.control.ErrorCollector.addFatalError(ErrorCollector.java:149)
	at org.codehaus.groovy.control.ErrorCollector.addError(ErrorCollector.java:119)
	at org.codehaus.groovy.control.ErrorCollector.addError(ErrorCollector.java:131)
	at org.codehaus.groovy.control.SourceUnit.addError(SourceUnit.java:359)
	at org.codehaus.groovy.antlr.AntlrParserPlugin.transformCSTIntoAST(AntlrParserPlugin.java:137)
	at org.codehaus.groovy.antlr.AntlrParserPlugin.parseCST(AntlrParserPlugin.java:108)
	at org.codehaus.groovy.control.SourceUnit.parse(SourceUnit.java:236)
	at org.codehaus.groovy.control.CompilationUnit$1.call(CompilationUnit.java:164)
	at org.codehaus.groovy.control.CompilationUnit.applyToSourceUnits(CompilationUnit.java:923)
	at org.codehaus.groovy.control.CompilationUnit.doPhaseOperation(CompilationUnit.java:585)
	at org.codehaus.groovy.control.CompilationUnit.processPhaseOperations(CompilationUnit.java:561)
	at org.codehaus.groovy.control.CompilationUnit.compile(CompilationUnit.java:538)
	at org.codehaus.groovy.control.CompilationUnit.compile(CompilationUnit.java:517)
	at org.codehaus.groovy.tools.FileSystemCompiler.compile(FileSystemCompiler.java:59)
	at org.codehaus.groovy.tools.FileSystemCompiler.doCompilation(FileSystemCompiler.java:215)
	at org.codehaus.groovy.ant.Groovyc.runCompiler(Groovyc.java:1161)
	at org.codehaus.groovy.ant.Groovyc.compile(Groovyc.java:1212)
	at org.codehaus.groovy.ant.Groovyc.execute(Groovyc.java:827)
	at org.apache.tools.ant.UnknownElement.execute(UnknownElement.java:291)
	at org.apache.tools.ant.dispatch.DispatchUtils.execute(DispatchUtils.java:106)
	at java.lang.Thread.run(Thread.java:745)
2016-02-11 22:27:44,945 [http-bio-8080-exec-1] ERROR StackTrace  - Full Stack Trace:
org.codehaus.groovy.control.MultipleCompilationErrorsException: startup failed:
C:\TB\FirstGrailsApp\talkio\grails-app\conf\BootStrap.groovy: 23: expecting anything but ''\n''; got it anyway @ line 23, column 244.
    in our programming challenge.
                                 ^

1 error

	at org.codehaus.groovy.control.ErrorCollector.failIfErrors(ErrorCollector.java:309)
	at org.codehaus.groovy.control.ErrorCollector.addFatalError(ErrorCollector.java:149)
	at org.codehaus.groovy.control.ErrorCollector.addError(ErrorCollector.java:119)
	at org.codehaus.groovy.control.ErrorCollector.addError(ErrorCollector.java:131)
	at org.codehaus.groovy.control.SourceUnit.addError(SourceUnit.java:359)
	at org.codehaus.groovy.antlr.AntlrParserPlugin.transformCSTIntoAST(AntlrParserPlugin.java:137)
	at org.codehaus.groovy.antlr.AntlrParserPlugin.parseCST(AntlrParserPlugin.java:108)
	at org.codehaus.groovy.control.SourceUnit.parse(SourceUnit.java:236)
	at org.codehaus.groovy.control.CompilationUnit$1.call(CompilationUnit.java:164)
	at org.codehaus.groovy.control.CompilationUnit.applyToSourceUnits(CompilationUnit.java:923)
	at org.codehaus.groovy.control.CompilationUnit.doPhaseOperation(CompilationUnit.java:585)
	at org.codehaus.groovy.control.CompilationUnit.processPhaseOperations(CompilationUnit.java:561)
	at org.codehaus.groovy.control.CompilationUnit.compile(CompilationUnit.java:538)
	at org.codehaus.groovy.control.CompilationUnit.compile(CompilationUnit.java:517)
	at org.codehaus.groovy.tools.FileSystemCompiler.compile(FileSystemCompiler.java:59)
	at org.codehaus.groovy.tools.FileSystemCompiler.doCompilation(FileSystemCompiler.java:215)
	at org.codehaus.groovy.ant.Groovyc.runCompiler(Groovyc.java:1161)
	at org.codehaus.groovy.ant.Groovyc.compile(Groovyc.java:1212)
	at org.codehaus.groovy.ant.Groovyc.execute(Groovyc.java:827)
	at org.apache.tools.ant.UnknownElement.execute(UnknownElement.java:291)
	at org.apache.tools.ant.dispatch.DispatchUtils.execute(DispatchUtils.java:106)
	at java.lang.Thread.run(Thread.java:745)
2016-02-11 22:27:44,950 [http-bio-8080-exec-1] ERROR StackTrace  - Full Stack Trace:
org.codehaus.groovy.control.MultipleCompilationErrorsException: startup failed:
C:\TB\FirstGrailsApp\talkio\grails-app\conf\BootStrap.groovy: 23: expecting anything but ''\n''; got it anyway @ line 23, column 244.
    in our programming challenge.
                                 ^

1 error

	at org.codehaus.groovy.control.ErrorCollector.failIfErrors(ErrorCollector.java:309)
	at org.codehaus.groovy.control.ErrorCollector.addFatalError(ErrorCollector.java:149)
	at org.codehaus.groovy.control.ErrorCollector.addError(ErrorCollector.java:119)
	at org.codehaus.groovy.control.ErrorCollector.addError(ErrorCollector.java:131)
	at org.codehaus.groovy.control.SourceUnit.addError(SourceUnit.java:359)
	at org.codehaus.groovy.antlr.AntlrParserPlugin.transformCSTIntoAST(AntlrParserPlugin.java:137)
	at org.codehaus.groovy.antlr.AntlrParserPlugin.parseCST(AntlrParserPlugin.java:108)
	at org.codehaus.groovy.control.SourceUnit.parse(SourceUnit.java:236)
	at org.codehaus.groovy.control.CompilationUnit$1.call(CompilationUnit.java:164)
	at org.codehaus.groovy.control.CompilationUnit.applyToSourceUnits(CompilationUnit.java:923)
	at org.codehaus.groovy.control.CompilationUnit.doPhaseOperation(CompilationUnit.java:585)
	at org.codehaus.groovy.control.CompilationUnit.processPhaseOperations(CompilationUnit.java:561)
	at org.codehaus.groovy.control.CompilationUnit.compile(CompilationUnit.java:538)
	at org.codehaus.groovy.control.CompilationUnit.compile(CompilationUnit.java:517)
	at org.codehaus.groovy.tools.FileSystemCompiler.compile(FileSystemCompiler.java:59)
	at org.codehaus.groovy.tools.FileSystemCompiler.doCompilation(FileSystemCompiler.java:215)
	at org.codehaus.groovy.ant.Groovyc.runCompiler(Groovyc.java:1161)
	at org.codehaus.groovy.ant.Groovyc.compile(Groovyc.java:1212)
	at org.codehaus.groovy.ant.Groovyc.execute(Groovyc.java:827)
	at org.apache.tools.ant.UnknownElement.execute(UnknownElement.java:291)
	at org.apache.tools.ant.dispatch.DispatchUtils.execute(DispatchUtils.java:106)
	at java.lang.Thread.run(Thread.java:745)
2016-02-11 22:27:44,951 [http-bio-8080-exec-1] ERROR StackTrace  - Full Stack Trace:
org.codehaus.groovy.control.MultipleCompilationErrorsException: startup failed:
C:\TB\FirstGrailsApp\talkio\grails-app\conf\BootStrap.groovy: 23: expecting anything but ''\n''; got it anyway @ line 23, column 244.
    in our programming challenge.
                                 ^

1 error

	at org.codehaus.groovy.control.ErrorCollector.failIfErrors(ErrorCollector.java:309)
	at org.codehaus.groovy.control.ErrorCollector.addFatalError(ErrorCollector.java:149)
	at org.codehaus.groovy.control.ErrorCollector.addError(ErrorCollector.java:119)
	at org.codehaus.groovy.control.ErrorCollector.addError(ErrorCollector.java:131)
	at org.codehaus.groovy.control.SourceUnit.addError(SourceUnit.java:359)
	at org.codehaus.groovy.antlr.AntlrParserPlugin.transformCSTIntoAST(AntlrParserPlugin.java:137)
	at org.codehaus.groovy.antlr.AntlrParserPlugin.parseCST(AntlrParserPlugin.java:108)
	at org.codehaus.groovy.control.SourceUnit.parse(SourceUnit.java:236)
	at org.codehaus.groovy.control.CompilationUnit$1.call(CompilationUnit.java:164)
	at org.codehaus.groovy.control.CompilationUnit.applyToSourceUnits(CompilationUnit.java:923)
	at org.codehaus.groovy.control.CompilationUnit.doPhaseOperation(CompilationUnit.java:585)
	at org.codehaus.groovy.control.CompilationUnit.processPhaseOperations(CompilationUnit.java:561)
	at org.codehaus.groovy.control.CompilationUnit.compile(CompilationUnit.java:538)
	at org.codehaus.groovy.control.CompilationUnit.compile(CompilationUnit.java:517)
	at org.codehaus.groovy.tools.FileSystemCompiler.compile(FileSystemCompiler.java:59)
	at org.codehaus.groovy.tools.FileSystemCompiler.doCompilation(FileSystemCompiler.java:215)
	at org.codehaus.groovy.ant.Groovyc.runCompiler(Groovyc.java:1161)
	at org.codehaus.groovy.ant.Groovyc.compile(Groovyc.java:1212)
	at org.codehaus.groovy.ant.Groovyc.execute(Groovyc.java:827)
	at org.apache.tools.ant.UnknownElement.execute(UnknownElement.java:291)
	at org.apache.tools.ant.dispatch.DispatchUtils.execute(DispatchUtils.java:106)
	at java.lang.Thread.run(Thread.java:745)
2016-02-11 22:27:50,158 [http-bio-8080-exec-9] ERROR StackTrace  - Full Stack Trace:
org.codehaus.groovy.control.MultipleCompilationErrorsException: startup failed:
C:\TB\FirstGrailsApp\talkio\grails-app\conf\BootStrap.groovy: 23: expecting anything but ''\n''; got it anyway @ line 23, column 244.
    in our programming challenge.
                                 ^

1 error

	at org.codehaus.groovy.control.ErrorCollector.failIfErrors(ErrorCollector.java:309)
	at org.codehaus.groovy.control.ErrorCollector.addFatalError(ErrorCollector.java:149)
	at org.codehaus.groovy.control.ErrorCollector.addError(ErrorCollector.java:119)
	at org.codehaus.groovy.control.ErrorCollector.addError(ErrorCollector.java:131)
	at org.codehaus.groovy.control.SourceUnit.addError(SourceUnit.java:359)
	at org.codehaus.groovy.antlr.AntlrParserPlugin.transformCSTIntoAST(AntlrParserPlugin.java:137)
	at org.codehaus.groovy.antlr.AntlrParserPlugin.parseCST(AntlrParserPlugin.java:108)
	at org.codehaus.groovy.control.SourceUnit.parse(SourceUnit.java:236)
	at org.codehaus.groovy.control.CompilationUnit$1.call(CompilationUnit.java:164)
	at org.codehaus.groovy.control.CompilationUnit.applyToSourceUnits(CompilationUnit.java:923)
	at org.codehaus.groovy.control.CompilationUnit.doPhaseOperation(CompilationUnit.java:585)
	at org.codehaus.groovy.control.CompilationUnit.processPhaseOperations(CompilationUnit.java:561)
	at org.codehaus.groovy.control.CompilationUnit.compile(CompilationUnit.java:538)
	at org.codehaus.groovy.control.CompilationUnit.compile(CompilationUnit.java:517)
	at org.codehaus.groovy.tools.FileSystemCompiler.compile(FileSystemCompiler.java:59)
	at org.codehaus.groovy.tools.FileSystemCompiler.doCompilation(FileSystemCompiler.java:215)
	at org.codehaus.groovy.ant.Groovyc.runCompiler(Groovyc.java:1161)
	at org.codehaus.groovy.ant.Groovyc.compile(Groovyc.java:1212)
	at org.codehaus.groovy.ant.Groovyc.execute(Groovyc.java:827)
	at org.apache.tools.ant.UnknownElement.execute(UnknownElement.java:291)
	at org.apache.tools.ant.dispatch.DispatchUtils.execute(DispatchUtils.java:106)
	at java.lang.Thread.run(Thread.java:745)
2016-02-11 22:27:50,159 [http-bio-8080-exec-9] ERROR StackTrace  - Full Stack Trace:
org.codehaus.groovy.control.MultipleCompilationErrorsException: startup failed:
C:\TB\FirstGrailsApp\talkio\grails-app\conf\BootStrap.groovy: 23: expecting anything but ''\n''; got it anyway @ line 23, column 244.
    in our programming challenge.
                                 ^

1 error

	at org.codehaus.groovy.control.ErrorCollector.failIfErrors(ErrorCollector.java:309)
	at org.codehaus.groovy.control.ErrorCollector.addFatalError(ErrorCollector.java:149)
	at org.codehaus.groovy.control.ErrorCollector.addError(ErrorCollector.java:119)
	at org.codehaus.groovy.control.ErrorCollector.addError(ErrorCollector.java:131)
	at org.codehaus.groovy.control.SourceUnit.addError(SourceUnit.java:359)
	at org.codehaus.groovy.antlr.AntlrParserPlugin.transformCSTIntoAST(AntlrParserPlugin.java:137)
	at org.codehaus.groovy.antlr.AntlrParserPlugin.parseCST(AntlrParserPlugin.java:108)
	at org.codehaus.groovy.control.SourceUnit.parse(SourceUnit.java:236)
	at org.codehaus.groovy.control.CompilationUnit$1.call(CompilationUnit.java:164)
	at org.codehaus.groovy.control.CompilationUnit.applyToSourceUnits(CompilationUnit.java:923)
	at org.codehaus.groovy.control.CompilationUnit.doPhaseOperation(CompilationUnit.java:585)
	at org.codehaus.groovy.control.CompilationUnit.processPhaseOperations(CompilationUnit.java:561)
	at org.codehaus.groovy.control.CompilationUnit.compile(CompilationUnit.java:538)
	at org.codehaus.groovy.control.CompilationUnit.compile(CompilationUnit.java:517)
	at org.codehaus.groovy.tools.FileSystemCompiler.compile(FileSystemCompiler.java:59)
	at org.codehaus.groovy.tools.FileSystemCompiler.doCompilation(FileSystemCompiler.java:215)
	at org.codehaus.groovy.ant.Groovyc.runCompiler(Groovyc.java:1161)
	at org.codehaus.groovy.ant.Groovyc.compile(Groovyc.java:1212)
	at org.codehaus.groovy.ant.Groovyc.execute(Groovyc.java:827)
	at org.apache.tools.ant.UnknownElement.execute(UnknownElement.java:291)
	at org.apache.tools.ant.dispatch.DispatchUtils.execute(DispatchUtils.java:106)
	at java.lang.Thread.run(Thread.java:745)
2016-02-11 22:27:50,163 [http-bio-8080-exec-9] ERROR StackTrace  - Full Stack Trace:
org.codehaus.groovy.control.MultipleCompilationErrorsException: startup failed:
C:\TB\FirstGrailsApp\talkio\grails-app\conf\BootStrap.groovy: 23: expecting anything but ''\n''; got it anyway @ line 23, column 244.
    in our programming challenge.
                                 ^

1 error

	at org.codehaus.groovy.control.ErrorCollector.failIfErrors(ErrorCollector.java:309)
	at org.codehaus.groovy.control.ErrorCollector.addFatalError(ErrorCollector.java:149)
	at org.codehaus.groovy.control.ErrorCollector.addError(ErrorCollector.java:119)
	at org.codehaus.groovy.control.ErrorCollector.addError(ErrorCollector.java:131)
	at org.codehaus.groovy.control.SourceUnit.addError(SourceUnit.java:359)
	at org.codehaus.groovy.antlr.AntlrParserPlugin.transformCSTIntoAST(AntlrParserPlugin.java:137)
	at org.codehaus.groovy.antlr.AntlrParserPlugin.parseCST(AntlrParserPlugin.java:108)
	at org.codehaus.groovy.control.SourceUnit.parse(SourceUnit.java:236)
	at org.codehaus.groovy.control.CompilationUnit$1.call(CompilationUnit.java:164)
	at org.codehaus.groovy.control.CompilationUnit.applyToSourceUnits(CompilationUnit.java:923)
	at org.codehaus.groovy.control.CompilationUnit.doPhaseOperation(CompilationUnit.java:585)
	at org.codehaus.groovy.control.CompilationUnit.processPhaseOperations(CompilationUnit.java:561)
	at org.codehaus.groovy.control.CompilationUnit.compile(CompilationUnit.java:538)
	at org.codehaus.groovy.control.CompilationUnit.compile(CompilationUnit.java:517)
	at org.codehaus.groovy.tools.FileSystemCompiler.compile(FileSystemCompiler.java:59)
	at org.codehaus.groovy.tools.FileSystemCompiler.doCompilation(FileSystemCompiler.java:215)
	at org.codehaus.groovy.ant.Groovyc.runCompiler(Groovyc.java:1161)
	at org.codehaus.groovy.ant.Groovyc.compile(Groovyc.java:1212)
	at org.codehaus.groovy.ant.Groovyc.execute(Groovyc.java:827)
	at org.apache.tools.ant.UnknownElement.execute(UnknownElement.java:291)
	at org.apache.tools.ant.dispatch.DispatchUtils.execute(DispatchUtils.java:106)
	at java.lang.Thread.run(Thread.java:745)
2016-02-11 22:27:50,163 [http-bio-8080-exec-9] ERROR StackTrace  - Full Stack Trace:
org.codehaus.groovy.control.MultipleCompilationErrorsException: startup failed:
C:\TB\FirstGrailsApp\talkio\grails-app\conf\BootStrap.groovy: 23: expecting anything but ''\n''; got it anyway @ line 23, column 244.
    in our programming challenge.
                                 ^

1 error

	at org.codehaus.groovy.control.ErrorCollector.failIfErrors(ErrorCollector.java:309)
	at org.codehaus.groovy.control.ErrorCollector.addFatalError(ErrorCollector.java:149)
	at org.codehaus.groovy.control.ErrorCollector.addError(ErrorCollector.java:119)
	at org.codehaus.groovy.control.ErrorCollector.addError(ErrorCollector.java:131)
	at org.codehaus.groovy.control.SourceUnit.addError(SourceUnit.java:359)
	at org.codehaus.groovy.antlr.AntlrParserPlugin.transformCSTIntoAST(AntlrParserPlugin.java:137)
	at org.codehaus.groovy.antlr.AntlrParserPlugin.parseCST(AntlrParserPlugin.java:108)
	at org.codehaus.groovy.control.SourceUnit.parse(SourceUnit.java:236)
	at org.codehaus.groovy.control.CompilationUnit$1.call(CompilationUnit.java:164)
	at org.codehaus.groovy.control.CompilationUnit.applyToSourceUnits(CompilationUnit.java:923)
	at org.codehaus.groovy.control.CompilationUnit.doPhaseOperation(CompilationUnit.java:585)
	at org.codehaus.groovy.control.CompilationUnit.processPhaseOperations(CompilationUnit.java:561)
	at org.codehaus.groovy.control.CompilationUnit.compile(CompilationUnit.java:538)
	at org.codehaus.groovy.control.CompilationUnit.compile(CompilationUnit.java:517)
	at org.codehaus.groovy.tools.FileSystemCompiler.compile(FileSystemCompiler.java:59)
	at org.codehaus.groovy.tools.FileSystemCompiler.doCompilation(FileSystemCompiler.java:215)
	at org.codehaus.groovy.ant.Groovyc.runCompiler(Groovyc.java:1161)
	at org.codehaus.groovy.ant.Groovyc.compile(Groovyc.java:1212)
	at org.codehaus.groovy.ant.Groovyc.execute(Groovyc.java:827)
	at org.apache.tools.ant.UnknownElement.execute(UnknownElement.java:291)
	at org.apache.tools.ant.dispatch.DispatchUtils.execute(DispatchUtils.java:106)
	at java.lang.Thread.run(Thread.java:745)
2016-02-11 22:28:16,879 [http-bio-8080-exec-7] ERROR StackTrace  - Full Stack Trace:
org.codehaus.groovy.control.MultipleCompilationErrorsException: startup failed:
C:\TB\FirstGrailsApp\talkio\grails-app\conf\BootStrap.groovy: 4: unable to resolve class Event 
 @ line 4, column 19.
       	def event1 = new Event(name: 'Gateway Code Camp', 
                     ^

C:\TB\FirstGrailsApp\talkio\grails-app\conf\BootStrap.groovy: 17: unable to resolve class Event 
 @ line 17, column 16.
   		def event2 = new Event(name: 'Perl Before Swine', 
                  ^

2 errors

	at org.codehaus.groovy.control.ErrorCollector.failIfErrors(ErrorCollector.java:309)
	at org.codehaus.groovy.control.CompilationUnit.applyToSourceUnits(CompilationUnit.java:938)
	at org.codehaus.groovy.control.CompilationUnit.doPhaseOperation(CompilationUnit.java:585)
	at org.codehaus.groovy.control.CompilationUnit.compile(CompilationUnit.java:534)
	at org.codehaus.groovy.control.CompilationUnit.compile(CompilationUnit.java:517)
	at org.codehaus.groovy.tools.FileSystemCompiler.compile(FileSystemCompiler.java:59)
	at org.codehaus.groovy.tools.FileSystemCompiler.doCompilation(FileSystemCompiler.java:215)
	at org.codehaus.groovy.ant.Groovyc.runCompiler(Groovyc.java:1161)
	at org.codehaus.groovy.ant.Groovyc.compile(Groovyc.java:1212)
	at org.codehaus.groovy.grails.compiler.Grailsc.compile(Grailsc.java:78)
	at org.codehaus.groovy.ant.Groovyc.execute(Groovyc.java:827)
	at org.apache.tools.ant.UnknownElement.execute(UnknownElement.java:291)
	at sun.reflect.GeneratedMethodAccessor243.invoke(Unknown Source)
	at sun.reflect.DelegatingMethodAccessorImpl.invoke(DelegatingMethodAccessorImpl.java:43)
	at java.lang.reflect.Method.invoke(Method.java:606)
	at org.springsource.loaded.ri.ReflectiveInterceptor.jlrMethodInvoke(ReflectiveInterceptor.java:1276)
	at org.apache.tools.ant.dispatch.DispatchUtils.execute(DispatchUtils.java:106)
	at groovy.util.AntBuilder.performTask(AntBuilder.java:319)
	at groovy.util.AntBuilder.nodeCompleted(AntBuilder.java:264)
	at groovy.util.BuilderSupport.doInvokeMethod(BuilderSupport.java:147)
	at groovy.util.AntBuilder.doInvokeMethod(AntBuilder.java:203)
	at groovy.util.BuilderSupport.invokeMethod(BuilderSupport.java:64)
	at org.codehaus.groovy.runtime.callsite.PogoMetaClassSite.call(PogoMetaClassSite.java:45)
	at org.codehaus.groovy.runtime.callsite.AbstractCallSite.call(AbstractCallSite.java:120)
	at org.codehaus.groovy.grails.project.compiler.GrailsProjectCompiler.compile(GrailsProjectCompiler.groovy:298)
	at org.codehaus.groovy.grails.project.compiler.GrailsProjectCompiler$compile$3.callCurrent(Unknown Source)
	at org.codehaus.groovy.grails.project.compiler.GrailsProjectCompiler.compile(GrailsProjectCompiler.groovy:265)
	at org.codehaus.groovy.grails.project.compiler.GrailsProjectCompiler.compileAll(GrailsProjectCompiler.groovy:256)
	at org.codehaus.groovy.grails.project.compiler.GrailsProjectWatcher.compileIfSource(GrailsProjectWatcher.java:262)
	at org.codehaus.groovy.grails.project.compiler.GrailsProjectWatcher.access$300(GrailsProjectWatcher.java:48)
	at org.codehaus.groovy.grails.project.compiler.GrailsProjectWatcher$1.onChange(GrailsProjectWatcher.java:136)
	at org.codehaus.groovy.grails.compiler.AbstractDirectoryWatcher.fireOnChange(AbstractDirectoryWatcher.java:70)
	at org.codehaus.groovy.grails.compiler.WatchServiceDirectoryWatcher.run(WatchServiceDirectoryWatcher.java:106)
	at org.codehaus.groovy.grails.compiler.DirectoryWatcher.run(DirectoryWatcher.java:154)
	at org.codehaus.groovy.grails.project.compiler.GrailsProjectWatcher.run(GrailsProjectWatcher.java:161)
	at java_lang_Runnable$run.call(Unknown Source)
	at org.codehaus.groovy.runtime.callsite.CallSiteArray.defaultCall(CallSiteArray.java:45)
	at org.codehaus.groovy.runtime.callsite.AbstractCallSite.call(AbstractCallSite.java:108)
	at org.codehaus.groovy.runtime.callsite.AbstractCallSite.call(AbstractCallSite.java:112)
	at org.codehaus.groovy.grails.cli.fork.ForkedGrailsProcess.startProjectWatcher(ForkedGrailsProcess.groovy:748)
	at sun.reflect.NativeMethodAccessorImpl.invoke0(Native Method)
	at sun.reflect.NativeMethodAccessorImpl.invoke(NativeMethodAccessorImpl.java:57)
	at sun.reflect.DelegatingMethodAccessorImpl.invoke(DelegatingMethodAccessorImpl.java:43)
	at java.lang.reflect.Method.invoke(Method.java:606)
	at org.springsource.loaded.ri.ReflectiveInterceptor.jlrMethodInvoke(ReflectiveInterceptor.java:1270)
	at org.codehaus.groovy.reflection.CachedMethod.invoke(CachedMethod.java:90)
	at groovy.lang.MetaMethod.doMethodInvoke(MetaMethod.java:324)
	at groovy.lang.MetaClassImpl.invokeMethod(MetaClassImpl.java:1206)
	at groovy.lang.MetaClassImpl.invokeMethod(MetaClassImpl.java:1015)
	at groovy.lang.MetaClassImpl.invokeMethod(MetaClassImpl.java:1151)
	at groovy.lang.ExpandoMetaClass.invokeMethod(ExpandoMetaClass.java:1120)
	at groovy.lang.MetaClassImpl.invokeMethod(MetaClassImpl.java:1015)
	at org.codehaus.groovy.runtime.callsite.PogoMetaClassSite.callCurrent(PogoMetaClassSite.java:66)
	at org.codehaus.groovy.runtime.callsite.CallSiteArray.defaultCallCurrent(CallSiteArray.java:49)
	at org.codehaus.groovy.runtime.callsite.AbstractCallSite.callCurrent(AbstractCallSite.java:133)
	at org.codehaus.groovy.runtime.callsite.AbstractCallSite.callCurrent(AbstractCallSite.java:145)
	at org.codehaus.groovy.grails.cli.fork.ForkedGrailsProcess$_setupReloading_closure17.doCall(ForkedGrailsProcess.groovy:737)
	at org.codehaus.groovy.grails.cli.fork.ForkedGrailsProcess$_setupReloading_closure17.doCall(ForkedGrailsProcess.groovy)
	at sun.reflect.NativeMethodAccessorImpl.invoke0(Native Method)
	at sun.reflect.NativeMethodAccessorImpl.invoke(NativeMethodAccessorImpl.java:57)
	at sun.reflect.DelegatingMethodAccessorImpl.invoke(DelegatingMethodAccessorImpl.java:43)
	at java.lang.reflect.Method.invoke(Method.java:606)
	at org.springsource.loaded.ri.ReflectiveInterceptor.jlrMethodInvoke(ReflectiveInterceptor.java:1270)
	at org.codehaus.groovy.reflection.CachedMethod.invoke(CachedMethod.java:90)
	at groovy.lang.MetaMethod.doMethodInvoke(MetaMethod.java:324)
	at groovy.lang.MetaClassImpl.invokeMethod(MetaClassImpl.java:1206)
	at groovy.lang.ExpandoMetaClass.invokeMethod(ExpandoMetaClass.java:1120)
	at groovy.lang.MetaClassImpl.invokeMethod(MetaClassImpl.java:1015)
	at groovy.lang.Closure.call(Closure.java:423)
	at groovy.lang.Closure.call(Closure.java:417)
	at groovy.lang.Closure.run(Closure.java:504)
	at java.lang.Thread.run(Thread.java:745)
2016-02-11 22:28:16,880 [http-bio-8080-exec-7] ERROR StackTrace  - Full Stack Trace:
org.codehaus.groovy.control.MultipleCompilationErrorsException: startup failed:
C:\TB\FirstGrailsApp\talkio\grails-app\conf\BootStrap.groovy: 4: unable to resolve class Event 
 @ line 4, column 19.
       	def event1 = new Event(name: 'Gateway Code Camp', 
                     ^

C:\TB\FirstGrailsApp\talkio\grails-app\conf\BootStrap.groovy: 17: unable to resolve class Event 
 @ line 17, column 16.
   		def event2 = new Event(name: 'Perl Before Swine', 
                  ^

2 errors

	at org.codehaus.groovy.control.ErrorCollector.failIfErrors(ErrorCollector.java:309)
	at org.codehaus.groovy.control.CompilationUnit.applyToSourceUnits(CompilationUnit.java:938)
	at org.codehaus.groovy.control.CompilationUnit.doPhaseOperation(CompilationUnit.java:585)
	at org.codehaus.groovy.control.CompilationUnit.compile(CompilationUnit.java:534)
	at org.codehaus.groovy.control.CompilationUnit.compile(CompilationUnit.java:517)
	at org.codehaus.groovy.tools.FileSystemCompiler.compile(FileSystemCompiler.java:59)
	at org.codehaus.groovy.tools.FileSystemCompiler.doCompilation(FileSystemCompiler.java:215)
	at org.codehaus.groovy.ant.Groovyc.runCompiler(Groovyc.java:1161)
	at org.codehaus.groovy.ant.Groovyc.compile(Groovyc.java:1212)
	at org.codehaus.groovy.ant.Groovyc.execute(Groovyc.java:827)
	at org.apache.tools.ant.UnknownElement.execute(UnknownElement.java:291)
	at org.apache.tools.ant.dispatch.DispatchUtils.execute(DispatchUtils.java:106)
	at java.lang.Thread.run(Thread.java:745)
2016-02-11 22:28:16,883 [http-bio-8080-exec-7] ERROR StackTrace  - Full Stack Trace:
org.codehaus.groovy.control.MultipleCompilationErrorsException: startup failed:
C:\TB\FirstGrailsApp\talkio\grails-app\conf\BootStrap.groovy: 4: unable to resolve class Event 
 @ line 4, column 19.
       	def event1 = new Event(name: 'Gateway Code Camp', 
                     ^

C:\TB\FirstGrailsApp\talkio\grails-app\conf\BootStrap.groovy: 17: unable to resolve class Event 
 @ line 17, column 16.
   		def event2 = new Event(name: 'Perl Before Swine', 
                  ^

2 errors

	at org.codehaus.groovy.control.ErrorCollector.failIfErrors(ErrorCollector.java:309)
	at org.codehaus.groovy.control.CompilationUnit.applyToSourceUnits(CompilationUnit.java:938)
	at org.codehaus.groovy.control.CompilationUnit.doPhaseOperation(CompilationUnit.java:585)
	at org.codehaus.groovy.control.CompilationUnit.compile(CompilationUnit.java:534)
	at org.codehaus.groovy.control.CompilationUnit.compile(CompilationUnit.java:517)
	at org.codehaus.groovy.tools.FileSystemCompiler.compile(FileSystemCompiler.java:59)
	at org.codehaus.groovy.tools.FileSystemCompiler.doCompilation(FileSystemCompiler.java:215)
	at org.codehaus.groovy.ant.Groovyc.runCompiler(Groovyc.java:1161)
	at org.codehaus.groovy.ant.Groovyc.compile(Groovyc.java:1212)
	at org.codehaus.groovy.ant.Groovyc.execute(Groovyc.java:827)
	at org.apache.tools.ant.UnknownElement.execute(UnknownElement.java:291)
	at org.apache.tools.ant.dispatch.DispatchUtils.execute(DispatchUtils.java:106)
	at java.lang.Thread.run(Thread.java:745)
2016-02-11 22:28:16,884 [http-bio-8080-exec-7] ERROR StackTrace  - Full Stack Trace:
org.codehaus.groovy.control.MultipleCompilationErrorsException: startup failed:
C:\TB\FirstGrailsApp\talkio\grails-app\conf\BootStrap.groovy: 4: unable to resolve class Event 
 @ line 4, column 19.
       	def event1 = new Event(name: 'Gateway Code Camp', 
                     ^

C:\TB\FirstGrailsApp\talkio\grails-app\conf\BootStrap.groovy: 17: unable to resolve class Event 
 @ line 17, column 16.
   		def event2 = new Event(name: 'Perl Before Swine', 
                  ^

2 errors

	at org.codehaus.groovy.control.ErrorCollector.failIfErrors(ErrorCollector.java:309)
	at org.codehaus.groovy.control.CompilationUnit.applyToSourceUnits(CompilationUnit.java:938)
	at org.codehaus.groovy.control.CompilationUnit.doPhaseOperation(CompilationUnit.java:585)
	at org.codehaus.groovy.control.CompilationUnit.compile(CompilationUnit.java:534)
	at org.codehaus.groovy.control.CompilationUnit.compile(CompilationUnit.java:517)
	at org.codehaus.groovy.tools.FileSystemCompiler.compile(FileSystemCompiler.java:59)
	at org.codehaus.groovy.tools.FileSystemCompiler.doCompilation(FileSystemCompiler.java:215)
	at org.codehaus.groovy.ant.Groovyc.runCompiler(Groovyc.java:1161)
	at org.codehaus.groovy.ant.Groovyc.compile(Groovyc.java:1212)
	at org.codehaus.groovy.ant.Groovyc.execute(Groovyc.java:827)
	at org.apache.tools.ant.UnknownElement.execute(UnknownElement.java:291)
	at org.apache.tools.ant.dispatch.DispatchUtils.execute(DispatchUtils.java:106)
	at java.lang.Thread.run(Thread.java:745)
2016-02-11 22:30:53,719 [http-bio-8080-exec-2] ERROR StackTrace  - Full Stack Trace:
org.codehaus.groovy.control.MultipleCompilationErrorsException: startup failed:
C:\TB\FirstGrailsApp\talkio\grails-app\conf\BootStrap.groovy: 6: unable to resolve class Event 
 @ line 6, column 19.
       	def event1 = new Event(name: 'Gateway Code Camp', 
                     ^

C:\TB\FirstGrailsApp\talkio\grails-app\conf\BootStrap.groovy: 19: unable to resolve class Event 
 @ line 19, column 16.
   		def event2 = new Event(name: 'Perl Before Swine', 
                  ^

2 errors

	at org.codehaus.groovy.control.ErrorCollector.failIfErrors(ErrorCollector.java:309)
	at org.codehaus.groovy.control.CompilationUnit.applyToSourceUnits(CompilationUnit.java:938)
	at org.codehaus.groovy.control.CompilationUnit.doPhaseOperation(CompilationUnit.java:585)
	at org.codehaus.groovy.control.CompilationUnit.compile(CompilationUnit.java:534)
	at org.codehaus.groovy.control.CompilationUnit.compile(CompilationUnit.java:517)
	at org.codehaus.groovy.tools.FileSystemCompiler.compile(FileSystemCompiler.java:59)
	at org.codehaus.groovy.tools.FileSystemCompiler.doCompilation(FileSystemCompiler.java:215)
	at org.codehaus.groovy.ant.Groovyc.runCompiler(Groovyc.java:1161)
	at org.codehaus.groovy.ant.Groovyc.compile(Groovyc.java:1212)
	at org.codehaus.groovy.grails.compiler.Grailsc.compile(Grailsc.java:78)
	at org.codehaus.groovy.ant.Groovyc.execute(Groovyc.java:827)
	at org.apache.tools.ant.UnknownElement.execute(UnknownElement.java:291)
	at sun.reflect.GeneratedMethodAccessor243.invoke(Unknown Source)
	at sun.reflect.DelegatingMethodAccessorImpl.invoke(DelegatingMethodAccessorImpl.java:43)
	at java.lang.reflect.Method.invoke(Method.java:606)
	at org.springsource.loaded.ri.ReflectiveInterceptor.jlrMethodInvoke(ReflectiveInterceptor.java:1276)
	at org.apache.tools.ant.dispatch.DispatchUtils.execute(DispatchUtils.java:106)
	at groovy.util.AntBuilder.performTask(AntBuilder.java:319)
	at groovy.util.AntBuilder.nodeCompleted(AntBuilder.java:264)
	at groovy.util.BuilderSupport.doInvokeMethod(BuilderSupport.java:147)
	at groovy.util.AntBuilder.doInvokeMethod(AntBuilder.java:203)
	at groovy.util.BuilderSupport.invokeMethod(BuilderSupport.java:64)
	at org.codehaus.groovy.runtime.callsite.PogoMetaClassSite.call(PogoMetaClassSite.java:45)
	at org.codehaus.groovy.runtime.callsite.AbstractCallSite.call(AbstractCallSite.java:120)
	at org.codehaus.groovy.grails.project.compiler.GrailsProjectCompiler.compile(GrailsProjectCompiler.groovy:298)
	at org.codehaus.groovy.grails.project.compiler.GrailsProjectCompiler$compile$3.callCurrent(Unknown Source)
	at org.codehaus.groovy.grails.project.compiler.GrailsProjectCompiler.compile(GrailsProjectCompiler.groovy:265)
	at org.codehaus.groovy.grails.project.compiler.GrailsProjectCompiler.compileAll(GrailsProjectCompiler.groovy:256)
	at org.codehaus.groovy.grails.project.compiler.GrailsProjectWatcher.compileIfSource(GrailsProjectWatcher.java:262)
	at org.codehaus.groovy.grails.project.compiler.GrailsProjectWatcher.access$300(GrailsProjectWatcher.java:48)
	at org.codehaus.groovy.grails.project.compiler.GrailsProjectWatcher$1.onChange(GrailsProjectWatcher.java:136)
	at org.codehaus.groovy.grails.compiler.AbstractDirectoryWatcher.fireOnChange(AbstractDirectoryWatcher.java:70)
	at org.codehaus.groovy.grails.compiler.WatchServiceDirectoryWatcher.run(WatchServiceDirectoryWatcher.java:106)
	at org.codehaus.groovy.grails.compiler.DirectoryWatcher.run(DirectoryWatcher.java:154)
	at org.codehaus.groovy.grails.project.compiler.GrailsProjectWatcher.run(GrailsProjectWatcher.java:161)
	at java_lang_Runnable$run.call(Unknown Source)
	at org.codehaus.groovy.runtime.callsite.CallSiteArray.defaultCall(CallSiteArray.java:45)
	at org.codehaus.groovy.runtime.callsite.AbstractCallSite.call(AbstractCallSite.java:108)
	at org.codehaus.groovy.runtime.callsite.AbstractCallSite.call(AbstractCallSite.java:112)
	at org.codehaus.groovy.grails.cli.fork.ForkedGrailsProcess.startProjectWatcher(ForkedGrailsProcess.groovy:748)
	at sun.reflect.NativeMethodAccessorImpl.invoke0(Native Method)
	at sun.reflect.NativeMethodAccessorImpl.invoke(NativeMethodAccessorImpl.java:57)
	at sun.reflect.DelegatingMethodAccessorImpl.invoke(DelegatingMethodAccessorImpl.java:43)
	at java.lang.reflect.Method.invoke(Method.java:606)
	at org.springsource.loaded.ri.ReflectiveInterceptor.jlrMethodInvoke(ReflectiveInterceptor.java:1270)
	at org.codehaus.groovy.reflection.CachedMethod.invoke(CachedMethod.java:90)
	at groovy.lang.MetaMethod.doMethodInvoke(MetaMethod.java:324)
	at groovy.lang.MetaClassImpl.invokeMethod(MetaClassImpl.java:1206)
	at groovy.lang.MetaClassImpl.invokeMethod(MetaClassImpl.java:1015)
	at groovy.lang.MetaClassImpl.invokeMethod(MetaClassImpl.java:1151)
	at groovy.lang.ExpandoMetaClass.invokeMethod(ExpandoMetaClass.java:1120)
	at groovy.lang.MetaClassImpl.invokeMethod(MetaClassImpl.java:1015)
	at org.codehaus.groovy.runtime.callsite.PogoMetaClassSite.callCurrent(PogoMetaClassSite.java:66)
	at org.codehaus.groovy.runtime.callsite.CallSiteArray.defaultCallCurrent(CallSiteArray.java:49)
	at org.codehaus.groovy.runtime.callsite.AbstractCallSite.callCurrent(AbstractCallSite.java:133)
	at org.codehaus.groovy.runtime.callsite.AbstractCallSite.callCurrent(AbstractCallSite.java:145)
	at org.codehaus.groovy.grails.cli.fork.ForkedGrailsProcess$_setupReloading_closure17.doCall(ForkedGrailsProcess.groovy:737)
	at org.codehaus.groovy.grails.cli.fork.ForkedGrailsProcess$_setupReloading_closure17.doCall(ForkedGrailsProcess.groovy)
	at sun.reflect.NativeMethodAccessorImpl.invoke0(Native Method)
	at sun.reflect.NativeMethodAccessorImpl.invoke(NativeMethodAccessorImpl.java:57)
	at sun.reflect.DelegatingMethodAccessorImpl.invoke(DelegatingMethodAccessorImpl.java:43)
	at java.lang.reflect.Method.invoke(Method.java:606)
	at org.springsource.loaded.ri.ReflectiveInterceptor.jlrMethodInvoke(ReflectiveInterceptor.java:1270)
	at org.codehaus.groovy.reflection.CachedMethod.invoke(CachedMethod.java:90)
	at groovy.lang.MetaMethod.doMethodInvoke(MetaMethod.java:324)
	at groovy.lang.MetaClassImpl.invokeMethod(MetaClassImpl.java:1206)
	at groovy.lang.ExpandoMetaClass.invokeMethod(ExpandoMetaClass.java:1120)
	at groovy.lang.MetaClassImpl.invokeMethod(MetaClassImpl.java:1015)
	at groovy.lang.Closure.call(Closure.java:423)
	at groovy.lang.Closure.call(Closure.java:417)
	at groovy.lang.Closure.run(Closure.java:504)
	at java.lang.Thread.run(Thread.java:745)
2016-02-11 22:30:53,720 [http-bio-8080-exec-2] ERROR StackTrace  - Full Stack Trace:
org.codehaus.groovy.control.MultipleCompilationErrorsException: startup failed:
C:\TB\FirstGrailsApp\talkio\grails-app\conf\BootStrap.groovy: 6: unable to resolve class Event 
 @ line 6, column 19.
       	def event1 = new Event(name: 'Gateway Code Camp', 
                     ^

C:\TB\FirstGrailsApp\talkio\grails-app\conf\BootStrap.groovy: 19: unable to resolve class Event 
 @ line 19, column 16.
   		def event2 = new Event(name: 'Perl Before Swine', 
                  ^

2 errors

	at org.codehaus.groovy.control.ErrorCollector.failIfErrors(ErrorCollector.java:309)
	at org.codehaus.groovy.control.CompilationUnit.applyToSourceUnits(CompilationUnit.java:938)
	at org.codehaus.groovy.control.CompilationUnit.doPhaseOperation(CompilationUnit.java:585)
	at org.codehaus.groovy.control.CompilationUnit.compile(CompilationUnit.java:534)
	at org.codehaus.groovy.control.CompilationUnit.compile(CompilationUnit.java:517)
	at org.codehaus.groovy.tools.FileSystemCompiler.compile(FileSystemCompiler.java:59)
	at org.codehaus.groovy.tools.FileSystemCompiler.doCompilation(FileSystemCompiler.java:215)
	at org.codehaus.groovy.ant.Groovyc.runCompiler(Groovyc.java:1161)
	at org.codehaus.groovy.ant.Groovyc.compile(Groovyc.java:1212)
	at org.codehaus.groovy.ant.Groovyc.execute(Groovyc.java:827)
	at org.apache.tools.ant.UnknownElement.execute(UnknownElement.java:291)
	at org.apache.tools.ant.dispatch.DispatchUtils.execute(DispatchUtils.java:106)
	at java.lang.Thread.run(Thread.java:745)
2016-02-11 22:30:53,724 [http-bio-8080-exec-2] ERROR StackTrace  - Full Stack Trace:
org.codehaus.groovy.control.MultipleCompilationErrorsException: startup failed:
C:\TB\FirstGrailsApp\talkio\grails-app\conf\BootStrap.groovy: 6: unable to resolve class Event 
 @ line 6, column 19.
       	def event1 = new Event(name: 'Gateway Code Camp', 
                     ^

C:\TB\FirstGrailsApp\talkio\grails-app\conf\BootStrap.groovy: 19: unable to resolve class Event 
 @ line 19, column 16.
   		def event2 = new Event(name: 'Perl Before Swine', 
                  ^

2 errors

	at org.codehaus.groovy.control.ErrorCollector.failIfErrors(ErrorCollector.java:309)
	at org.codehaus.groovy.control.CompilationUnit.applyToSourceUnits(CompilationUnit.java:938)
	at org.codehaus.groovy.control.CompilationUnit.doPhaseOperation(CompilationUnit.java:585)
	at org.codehaus.groovy.control.CompilationUnit.compile(CompilationUnit.java:534)
	at org.codehaus.groovy.control.CompilationUnit.compile(CompilationUnit.java:517)
	at org.codehaus.groovy.tools.FileSystemCompiler.compile(FileSystemCompiler.java:59)
	at org.codehaus.groovy.tools.FileSystemCompiler.doCompilation(FileSystemCompiler.java:215)
	at org.codehaus.groovy.ant.Groovyc.runCompiler(Groovyc.java:1161)
	at org.codehaus.groovy.ant.Groovyc.compile(Groovyc.java:1212)
	at org.codehaus.groovy.ant.Groovyc.execute(Groovyc.java:827)
	at org.apache.tools.ant.UnknownElement.execute(UnknownElement.java:291)
	at org.apache.tools.ant.dispatch.DispatchUtils.execute(DispatchUtils.java:106)
	at java.lang.Thread.run(Thread.java:745)
2016-02-11 22:30:53,725 [http-bio-8080-exec-2] ERROR StackTrace  - Full Stack Trace:
org.codehaus.groovy.control.MultipleCompilationErrorsException: startup failed:
C:\TB\FirstGrailsApp\talkio\grails-app\conf\BootStrap.groovy: 6: unable to resolve class Event 
 @ line 6, column 19.
       	def event1 = new Event(name: 'Gateway Code Camp', 
                     ^

C:\TB\FirstGrailsApp\talkio\grails-app\conf\BootStrap.groovy: 19: unable to resolve class Event 
 @ line 19, column 16.
   		def event2 = new Event(name: 'Perl Before Swine', 
                  ^

2 errors

	at org.codehaus.groovy.control.ErrorCollector.failIfErrors(ErrorCollector.java:309)
	at org.codehaus.groovy.control.CompilationUnit.applyToSourceUnits(CompilationUnit.java:938)
	at org.codehaus.groovy.control.CompilationUnit.doPhaseOperation(CompilationUnit.java:585)
	at org.codehaus.groovy.control.CompilationUnit.compile(CompilationUnit.java:534)
	at org.codehaus.groovy.control.CompilationUnit.compile(CompilationUnit.java:517)
	at org.codehaus.groovy.tools.FileSystemCompiler.compile(FileSystemCompiler.java:59)
	at org.codehaus.groovy.tools.FileSystemCompiler.doCompilation(FileSystemCompiler.java:215)
	at org.codehaus.groovy.ant.Groovyc.runCompiler(Groovyc.java:1161)
	at org.codehaus.groovy.ant.Groovyc.compile(Groovyc.java:1212)
	at org.codehaus.groovy.ant.Groovyc.execute(Groovyc.java:827)
	at org.apache.tools.ant.UnknownElement.execute(UnknownElement.java:291)
	at org.apache.tools.ant.dispatch.DispatchUtils.execute(DispatchUtils.java:106)
	at java.lang.Thread.run(Thread.java:745)
